<?xml version="1.0" encoding="UTF-8"?>
<!-- Generated by org.testng.reporters.JUnitReportReporter -->
<testsuite hostname="MSI" failures="0" tests="1" name="package1.Demo" time="0.018" errors="0" timestamp="2023-10-17T00:36:49 IST" skipped="0">
  <testcase classname="package1.Demo" name="mm1" time="0.018"/>
</testsuite> <!-- package1.Demo -->
