<?xml version="1.0" encoding="UTF-8"?>
<!-- Generated by org.testng.reporters.JUnitReportReporter -->
<testsuite hostname="MSI" failures="0" tests="1" name="package1.Dummyclass" time="0.019" errors="0" timestamp="2023-10-17T00:37:11 IST" skipped="0">
  <testcase classname="package1.Dummyclass" name="m1" time="0.019"/>
</testsuite> <!-- package1.Dummyclass -->
